2017-04-19 17:03:50,164 [Worker-3] INFO  o.e.m.c.i.p.ProjectConfigurationManager - Update started
2017-04-19 17:03:52,978 [Worker-3] INFO  o.e.m.c.i.l.LifecycleMappingFactory - Using org.eclipse.m2e.jdt.JarLifecycleMapping lifecycle mapping for MavenProject: com.u-tad-web:Ejercicio_10:0.0.1-SNAPSHOT @ /home/sergio/Documents/Desarrollo_Web/Ejercicio_11/Ejercicio_11/pom.xml.
2017-04-19 17:03:53,816 [Worker-3] INFO  o.e.m.c.i.e.AbstractTransferListenerAdapter - Downloading https://repo.maven.apache.org/maven2/org/springframework/boot/spring-boot-starter-security/1.5.2.RELEASE/spring-boot-starter-security-1.5.2.RELEASE.pom
2017-04-19 17:03:53,829 [Worker-3] INFO  o.e.m.c.i.e.AbstractTransferListenerAdapter - Downloaded https://repo.maven.apache.org/maven2/org/springframework/boot/spring-boot-starter-security/1.5.2.RELEASE/spring-boot-starter-security-1.5.2.RELEASE.pom
2017-04-19 17:03:53,850 [Worker-3] INFO  o.e.m.c.i.e.AbstractTransferListenerAdapter - Downloading https://repo.maven.apache.org/maven2/org/springframework/security/spring-security-config/4.2.2.RELEASE/spring-security-config-4.2.2.RELEASE.pom
2017-04-19 17:03:53,874 [Worker-3] INFO  o.e.m.c.i.e.AbstractTransferListenerAdapter - Downloaded https://repo.maven.apache.org/maven2/org/springframework/security/spring-security-config/4.2.2.RELEASE/spring-security-config-4.2.2.RELEASE.pom
2017-04-19 17:03:53,885 [Worker-3] INFO  o.e.m.c.i.e.AbstractTransferListenerAdapter - Downloading https://repo.maven.apache.org/maven2/org/springframework/spring-framework-bom/4.3.5.RELEASE/spring-framework-bom-4.3.5.RELEASE.pom
2017-04-19 17:03:53,897 [Worker-3] INFO  o.e.m.c.i.e.AbstractTransferListenerAdapter - Downloaded https://repo.maven.apache.org/maven2/org/springframework/spring-framework-bom/4.3.5.RELEASE/spring-framework-bom-4.3.5.RELEASE.pom
2017-04-19 17:03:53,922 [Worker-3] INFO  o.e.m.c.i.e.AbstractTransferListenerAdapter - Downloading https://repo.maven.apache.org/maven2/org/springframework/security/spring-security-core/4.2.2.RELEASE/spring-security-core-4.2.2.RELEASE.pom
2017-04-19 17:03:53,947 [Worker-3] INFO  o.e.m.c.i.e.AbstractTransferListenerAdapter - Downloaded https://repo.maven.apache.org/maven2/org/springframework/security/spring-security-core/4.2.2.RELEASE/spring-security-core-4.2.2.RELEASE.pom
2017-04-19 17:03:53,962 [Worker-3] INFO  o.e.m.c.i.e.AbstractTransferListenerAdapter - Downloading https://repo.maven.apache.org/maven2/org/springframework/security/spring-security-web/4.2.2.RELEASE/spring-security-web-4.2.2.RELEASE.pom
2017-04-19 17:03:53,973 [Worker-3] INFO  o.e.m.c.i.e.AbstractTransferListenerAdapter - Downloaded https://repo.maven.apache.org/maven2/org/springframework/security/spring-security-web/4.2.2.RELEASE/spring-security-web-4.2.2.RELEASE.pom
2017-04-19 17:03:53,990 [Worker-3] INFO  o.e.m.c.i.e.AbstractTransferListenerAdapter - Downloading https://repo.maven.apache.org/maven2/org/thymeleaf/extras/thymeleaf-extras-springsecurity4/2.1.3.RELEASE/thymeleaf-extras-springsecurity4-2.1.3.RELEASE.pom
2017-04-19 17:03:54,008 [Worker-3] INFO  o.e.m.c.i.e.AbstractTransferListenerAdapter - Downloaded https://repo.maven.apache.org/maven2/org/thymeleaf/extras/thymeleaf-extras-springsecurity4/2.1.3.RELEASE/thymeleaf-extras-springsecurity4-2.1.3.RELEASE.pom
2017-04-19 17:03:54,098 [Worker-3] INFO  o.e.m.c.i.e.AbstractTransferListenerAdapter - Downloading https://repo.maven.apache.org/maven2/org/springframework/boot/spring-boot-starter-security/1.5.2.RELEASE/spring-boot-starter-security-1.5.2.RELEASE.jar
2017-04-19 17:03:54,106 [Worker-3] INFO  o.e.m.c.i.e.AbstractTransferListenerAdapter - Downloaded https://repo.maven.apache.org/maven2/org/springframework/boot/spring-boot-starter-security/1.5.2.RELEASE/spring-boot-starter-security-1.5.2.RELEASE.jar
2017-04-19 17:03:54,115 [Worker-3] INFO  o.e.m.c.i.e.AbstractTransferListenerAdapter - Downloading https://repo.maven.apache.org/maven2/org/springframework/security/spring-security-config/4.2.2.RELEASE/spring-security-config-4.2.2.RELEASE.jar
2017-04-19 17:03:54,287 [Worker-3] INFO  o.e.m.c.i.e.AbstractTransferListenerAdapter - Downloaded https://repo.maven.apache.org/maven2/org/springframework/security/spring-security-config/4.2.2.RELEASE/spring-security-config-4.2.2.RELEASE.jar
2017-04-19 17:03:54,298 [Worker-3] INFO  o.e.m.c.i.e.AbstractTransferListenerAdapter - Downloading https://repo.maven.apache.org/maven2/org/springframework/security/spring-security-core/4.2.2.RELEASE/spring-security-core-4.2.2.RELEASE.jar
2017-04-19 17:03:54,369 [Worker-3] INFO  o.e.m.c.i.e.AbstractTransferListenerAdapter - Downloaded https://repo.maven.apache.org/maven2/org/springframework/security/spring-security-core/4.2.2.RELEASE/spring-security-core-4.2.2.RELEASE.jar
2017-04-19 17:03:54,380 [Worker-3] INFO  o.e.m.c.i.e.AbstractTransferListenerAdapter - Downloading https://repo.maven.apache.org/maven2/org/springframework/security/spring-security-web/4.2.2.RELEASE/spring-security-web-4.2.2.RELEASE.jar
2017-04-19 17:03:54,431 [Worker-3] INFO  o.e.m.c.i.e.AbstractTransferListenerAdapter - Downloaded https://repo.maven.apache.org/maven2/org/springframework/security/spring-security-web/4.2.2.RELEASE/spring-security-web-4.2.2.RELEASE.jar
2017-04-19 17:03:54,440 [Worker-3] INFO  o.e.m.c.i.e.AbstractTransferListenerAdapter - Downloading https://repo.maven.apache.org/maven2/org/thymeleaf/extras/thymeleaf-extras-springsecurity4/2.1.3.RELEASE/thymeleaf-extras-springsecurity4-2.1.3.RELEASE.jar
2017-04-19 17:03:54,456 [Worker-3] INFO  o.e.m.c.i.e.AbstractTransferListenerAdapter - Downloaded https://repo.maven.apache.org/maven2/org/thymeleaf/extras/thymeleaf-extras-springsecurity4/2.1.3.RELEASE/thymeleaf-extras-springsecurity4-2.1.3.RELEASE.jar
2017-04-19 17:03:56,836 [Worker-4] INFO  o.e.m.c.i.embedder.EclipseLogger - Using 'UTF-8' encoding to copy filtered resources.
2017-04-19 17:03:56,842 [Worker-4] INFO  o.e.m.c.i.embedder.EclipseLogger - Copying 1 resource
2017-04-19 17:03:56,869 [Worker-4] INFO  o.e.m.c.i.embedder.EclipseLogger - Copying 4 resources
2017-04-19 17:03:56,875 [Worker-4] INFO  o.e.m.c.i.embedder.EclipseLogger - Using 'UTF-8' encoding to copy filtered resources.
2017-04-19 17:03:56,875 [Worker-4] INFO  o.e.m.c.i.embedder.EclipseLogger - skip non existing resourceDirectory /home/sergio/Documents/Desarrollo_Web/Ejercicio_11/Ejercicio_11/src/test/resources
2017-04-19 17:03:57,234 [Worker-3] INFO  o.e.m.j.i.AbstractJavaProjectConfigurator - Adding source folder /Ejercicio_11/src/main/java
2017-04-19 17:03:57,234 [Worker-3] INFO  o.e.m.j.i.AbstractJavaProjectConfigurator - Adding resource folder /Ejercicio_11/src/main/resources
2017-04-19 17:03:57,243 [Worker-3] INFO  o.e.m.j.i.AbstractJavaProjectConfigurator - Adding resource folder /Ejercicio_11/src/main/resources
2017-04-19 17:03:57,256 [Worker-3] INFO  o.e.m.j.i.AbstractJavaProjectConfigurator - Adding source folder /Ejercicio_11/src/test/java
2017-04-19 17:03:59,025 [Worker-3] INFO  o.e.m.c.i.p.ProjectConfigurationManager - Update completed: 8 sec
2017-04-19 17:03:59,236 [Worker-16] INFO  o.e.m.c.i.embedder.EclipseLogger - Using 'UTF-8' encoding to copy filtered resources.
2017-04-19 17:03:59,247 [Worker-16] INFO  o.e.m.c.i.embedder.EclipseLogger - Copying 1 resource
2017-04-19 17:03:59,272 [Worker-16] INFO  o.e.m.c.i.embedder.EclipseLogger - Copying 4 resources
2017-04-19 17:03:59,278 [Worker-16] INFO  o.e.m.c.i.embedder.EclipseLogger - Using 'UTF-8' encoding to copy filtered resources.
2017-04-19 17:03:59,284 [Worker-16] INFO  o.e.m.c.i.embedder.EclipseLogger - skip non existing resourceDirectory /home/sergio/Documents/Desarrollo_Web/Ejercicio_11/Ejercicio_11/src/test/resources
2017-04-19 17:08:07,635 [Worker-20] INFO  o.e.m.c.i.embedder.EclipseLogger - Using 'UTF-8' encoding to copy filtered resources.
2017-04-19 17:08:07,635 [Worker-20] INFO  o.e.m.c.i.embedder.EclipseLogger - Copying 0 resource
2017-04-19 17:08:07,639 [Worker-20] INFO  o.e.m.c.i.embedder.EclipseLogger - Copying 1 resource
2017-04-19 17:08:07,644 [Worker-20] INFO  o.e.m.c.i.embedder.EclipseLogger - Using 'UTF-8' encoding to copy filtered resources.
2017-04-19 17:08:07,644 [Worker-20] INFO  o.e.m.c.i.embedder.EclipseLogger - skip non existing resourceDirectory /home/sergio/Documents/Desarrollo_Web/Ejercicio_11/Ejercicio_11/src/test/resources
2017-04-19 17:08:59,403 [Worker-4] INFO  o.e.m.c.i.embedder.EclipseLogger - Using 'UTF-8' encoding to copy filtered resources.
2017-04-19 17:08:59,404 [Worker-4] INFO  o.e.m.c.i.embedder.EclipseLogger - Copying 0 resource
2017-04-19 17:08:59,405 [Worker-4] INFO  o.e.m.c.i.embedder.EclipseLogger - Copying 1 resource
2017-04-19 17:08:59,409 [Worker-4] INFO  o.e.m.c.i.embedder.EclipseLogger - Using 'UTF-8' encoding to copy filtered resources.
2017-04-19 17:08:59,409 [Worker-4] INFO  o.e.m.c.i.embedder.EclipseLogger - skip non existing resourceDirectory /home/sergio/Documents/Desarrollo_Web/Ejercicio_11/Ejercicio_11/src/test/resources
2017-04-19 17:09:06,884 [Worker-20] INFO  o.e.m.c.i.embedder.EclipseLogger - Using 'UTF-8' encoding to copy filtered resources.
2017-04-19 17:09:06,884 [Worker-20] INFO  o.e.m.c.i.embedder.EclipseLogger - Copying 0 resource
2017-04-19 17:09:06,888 [Worker-20] INFO  o.e.m.c.i.embedder.EclipseLogger - Copying 1 resource
2017-04-19 17:09:06,896 [Worker-20] INFO  o.e.m.c.i.embedder.EclipseLogger - Using 'UTF-8' encoding to copy filtered resources.
2017-04-19 17:09:06,900 [Worker-20] INFO  o.e.m.c.i.embedder.EclipseLogger - skip non existing resourceDirectory /home/sergio/Documents/Desarrollo_Web/Ejercicio_11/Ejercicio_11/src/test/resources
2017-04-19 17:10:19,105 [Worker-3] INFO  o.e.m.c.i.embedder.EclipseLogger - Using 'UTF-8' encoding to copy filtered resources.
2017-04-19 17:10:19,106 [Worker-3] INFO  o.e.m.c.i.embedder.EclipseLogger - Copying 1 resource
2017-04-19 17:10:19,108 [Worker-3] INFO  o.e.m.c.i.embedder.EclipseLogger - Copying 5 resources
2017-04-19 17:10:19,117 [Worker-3] INFO  o.e.m.c.i.embedder.EclipseLogger - Using 'UTF-8' encoding to copy filtered resources.
2017-04-19 17:10:19,117 [Worker-3] INFO  o.e.m.c.i.embedder.EclipseLogger - skip non existing resourceDirectory /home/sergio/Documents/Desarrollo_Web/Ejercicio_11/Ejercicio_11/src/test/resources
2017-04-19 17:11:38,448 [Worker-15] INFO  o.e.m.c.i.embedder.EclipseLogger - Using 'UTF-8' encoding to copy filtered resources.
2017-04-19 17:11:38,450 [Worker-15] INFO  o.e.m.c.i.embedder.EclipseLogger - Copying 1 resource
2017-04-19 17:11:38,451 [Worker-15] INFO  o.e.m.c.i.embedder.EclipseLogger - Copying 5 resources
2017-04-19 17:11:38,466 [Worker-15] INFO  o.e.m.c.i.embedder.EclipseLogger - Using 'UTF-8' encoding to copy filtered resources.
2017-04-19 17:11:38,466 [Worker-15] INFO  o.e.m.c.i.embedder.EclipseLogger - skip non existing resourceDirectory /home/sergio/Documents/Desarrollo_Web/Ejercicio_11/Ejercicio_11/src/test/resources
2017-04-19 17:11:57,982 [Worker-20] INFO  o.e.m.c.i.embedder.EclipseLogger - Using 'UTF-8' encoding to copy filtered resources.
2017-04-19 17:11:57,983 [Worker-20] INFO  o.e.m.c.i.embedder.EclipseLogger - Copying 1 resource
2017-04-19 17:11:57,983 [Worker-20] INFO  o.e.m.c.i.embedder.EclipseLogger - Copying 5 resources
2017-04-19 17:11:57,989 [Worker-20] INFO  o.e.m.c.i.embedder.EclipseLogger - Using 'UTF-8' encoding to copy filtered resources.
2017-04-19 17:11:57,989 [Worker-20] INFO  o.e.m.c.i.embedder.EclipseLogger - skip non existing resourceDirectory /home/sergio/Documents/Desarrollo_Web/Ejercicio_11/Ejercicio_11/src/test/resources
2017-04-19 17:13:14,497 [Worker-23] INFO  o.e.m.c.i.embedder.EclipseLogger - Using 'UTF-8' encoding to copy filtered resources.
2017-04-19 17:13:14,498 [Worker-23] INFO  o.e.m.c.i.embedder.EclipseLogger - Copying 1 resource
2017-04-19 17:13:14,502 [Worker-23] INFO  o.e.m.c.i.embedder.EclipseLogger - Copying 5 resources
2017-04-19 17:13:14,507 [Worker-23] INFO  o.e.m.c.i.embedder.EclipseLogger - Using 'UTF-8' encoding to copy filtered resources.
2017-04-19 17:13:14,508 [Worker-23] INFO  o.e.m.c.i.embedder.EclipseLogger - skip non existing resourceDirectory /home/sergio/Documents/Desarrollo_Web/Ejercicio_11/Ejercicio_11/src/test/resources
2017-04-19 17:14:01,569 [Worker-20] INFO  o.e.m.c.i.embedder.EclipseLogger - Using 'UTF-8' encoding to copy filtered resources.
2017-04-19 17:14:01,570 [Worker-20] INFO  o.e.m.c.i.embedder.EclipseLogger - Copying 0 resource
2017-04-19 17:14:01,570 [Worker-20] INFO  o.e.m.c.i.embedder.EclipseLogger - Copying 1 resource
2017-04-19 17:14:01,584 [Worker-20] INFO  o.e.m.c.i.embedder.EclipseLogger - Using 'UTF-8' encoding to copy filtered resources.
2017-04-19 17:14:01,587 [Worker-20] INFO  o.e.m.c.i.embedder.EclipseLogger - skip non existing resourceDirectory /home/sergio/Documents/Desarrollo_Web/Ejercicio_11/Ejercicio_11/src/test/resources
2017-04-19 17:14:54,233 [Worker-24] INFO  o.e.m.c.i.embedder.EclipseLogger - Using 'UTF-8' encoding to copy filtered resources.
2017-04-19 17:14:54,233 [Worker-24] INFO  o.e.m.c.i.embedder.EclipseLogger - Copying 0 resource
2017-04-19 17:14:54,234 [Worker-24] INFO  o.e.m.c.i.embedder.EclipseLogger - Copying 1 resource
2017-04-19 17:14:54,236 [Worker-24] INFO  o.e.m.c.i.embedder.EclipseLogger - Using 'UTF-8' encoding to copy filtered resources.
2017-04-19 17:14:54,237 [Worker-24] INFO  o.e.m.c.i.embedder.EclipseLogger - skip non existing resourceDirectory /home/sergio/Documents/Desarrollo_Web/Ejercicio_11/Ejercicio_11/src/test/resources
2017-04-19 17:18:58,851 [Worker-22] INFO  o.e.m.c.i.embedder.EclipseLogger - Using 'UTF-8' encoding to copy filtered resources.
2017-04-19 17:18:58,852 [Worker-22] INFO  o.e.m.c.i.embedder.EclipseLogger - Copying 0 resource
2017-04-19 17:18:58,852 [Worker-22] INFO  o.e.m.c.i.embedder.EclipseLogger - Copying 1 resource
2017-04-19 17:18:58,855 [Worker-22] INFO  o.e.m.c.i.embedder.EclipseLogger - Using 'UTF-8' encoding to copy filtered resources.
2017-04-19 17:18:58,855 [Worker-22] INFO  o.e.m.c.i.embedder.EclipseLogger - skip non existing resourceDirectory /home/sergio/Documents/Desarrollo_Web/Ejercicio_11/Ejercicio_11/src/test/resources
2017-04-19 17:20:19,738 [Worker-22] INFO  o.e.m.c.i.embedder.EclipseLogger - Using 'UTF-8' encoding to copy filtered resources.
2017-04-19 17:20:19,739 [Worker-22] INFO  o.e.m.c.i.embedder.EclipseLogger - Copying 0 resource
2017-04-19 17:20:19,739 [Worker-22] INFO  o.e.m.c.i.embedder.EclipseLogger - Copying 1 resource
2017-04-19 17:20:19,744 [Worker-22] INFO  o.e.m.c.i.embedder.EclipseLogger - Using 'UTF-8' encoding to copy filtered resources.
2017-04-19 17:20:19,745 [Worker-22] INFO  o.e.m.c.i.embedder.EclipseLogger - skip non existing resourceDirectory /home/sergio/Documents/Desarrollo_Web/Ejercicio_11/Ejercicio_11/src/test/resources
2017-04-19 17:23:04,472 [Worker-28] INFO  o.e.m.c.i.embedder.EclipseLogger - Using 'UTF-8' encoding to copy filtered resources.
2017-04-19 17:23:04,472 [Worker-28] INFO  o.e.m.c.i.embedder.EclipseLogger - Copying 0 resource
2017-04-19 17:23:04,472 [Worker-28] INFO  o.e.m.c.i.embedder.EclipseLogger - Copying 1 resource
2017-04-19 17:23:04,477 [Worker-28] INFO  o.e.m.c.i.embedder.EclipseLogger - Using 'UTF-8' encoding to copy filtered resources.
2017-04-19 17:23:04,477 [Worker-28] INFO  o.e.m.c.i.embedder.EclipseLogger - skip non existing resourceDirectory /home/sergio/Documents/Desarrollo_Web/Ejercicio_11/Ejercicio_11/src/test/resources
2017-04-19 17:23:54,752 [Worker-29] INFO  o.e.m.c.i.embedder.EclipseLogger - Using 'UTF-8' encoding to copy filtered resources.
2017-04-19 17:23:54,752 [Worker-29] INFO  o.e.m.c.i.embedder.EclipseLogger - Copying 0 resource
2017-04-19 17:23:54,753 [Worker-29] INFO  o.e.m.c.i.embedder.EclipseLogger - Copying 1 resource
2017-04-19 17:23:54,754 [Worker-29] INFO  o.e.m.c.i.embedder.EclipseLogger - Using 'UTF-8' encoding to copy filtered resources.
2017-04-19 17:23:54,755 [Worker-29] INFO  o.e.m.c.i.embedder.EclipseLogger - skip non existing resourceDirectory /home/sergio/Documents/Desarrollo_Web/Ejercicio_11/Ejercicio_11/src/test/resources
2017-04-19 17:26:54,550 [Worker-29] INFO  o.e.m.c.i.embedder.EclipseLogger - Using 'UTF-8' encoding to copy filtered resources.
2017-04-19 17:26:54,551 [Worker-29] INFO  o.e.m.c.i.embedder.EclipseLogger - Copying 0 resource
2017-04-19 17:26:54,551 [Worker-29] INFO  o.e.m.c.i.embedder.EclipseLogger - Copying 1 resource
2017-04-19 17:26:54,560 [Worker-29] INFO  o.e.m.c.i.embedder.EclipseLogger - Using 'UTF-8' encoding to copy filtered resources.
2017-04-19 17:26:54,560 [Worker-29] INFO  o.e.m.c.i.embedder.EclipseLogger - skip non existing resourceDirectory /home/sergio/Documents/Desarrollo_Web/Ejercicio_11/Ejercicio_11/src/test/resources
2017-04-19 17:29:11,133 [Worker-26] INFO  o.e.m.c.i.embedder.EclipseLogger - Using 'UTF-8' encoding to copy filtered resources.
2017-04-19 17:29:11,133 [Worker-26] INFO  o.e.m.c.i.embedder.EclipseLogger - Copying 0 resource
2017-04-19 17:29:11,134 [Worker-26] INFO  o.e.m.c.i.embedder.EclipseLogger - Copying 1 resource
2017-04-19 17:29:11,136 [Worker-26] INFO  o.e.m.c.i.embedder.EclipseLogger - Using 'UTF-8' encoding to copy filtered resources.
2017-04-19 17:29:11,137 [Worker-26] INFO  o.e.m.c.i.embedder.EclipseLogger - skip non existing resourceDirectory /home/sergio/Documents/Desarrollo_Web/Ejercicio_11/Ejercicio_11/src/test/resources
2017-04-19 17:35:50,537 [Worker-26] INFO  o.e.m.c.i.embedder.EclipseLogger - Using 'UTF-8' encoding to copy filtered resources.
2017-04-19 17:35:50,538 [Worker-26] INFO  o.e.m.c.i.embedder.EclipseLogger - Copying 0 resource
2017-04-19 17:35:50,538 [Worker-26] INFO  o.e.m.c.i.embedder.EclipseLogger - Copying 1 resource
2017-04-19 17:35:50,540 [Worker-26] INFO  o.e.m.c.i.embedder.EclipseLogger - Using 'UTF-8' encoding to copy filtered resources.
2017-04-19 17:35:50,540 [Worker-26] INFO  o.e.m.c.i.embedder.EclipseLogger - skip non existing resourceDirectory /home/sergio/Documents/Desarrollo_Web/Ejercicio_11/Ejercicio_11/src/test/resources
2017-04-19 17:37:56,837 [Worker-31] INFO  o.e.m.c.i.embedder.EclipseLogger - Using 'UTF-8' encoding to copy filtered resources.
2017-04-19 17:37:56,838 [Worker-31] INFO  o.e.m.c.i.embedder.EclipseLogger - Copying 0 resource
2017-04-19 17:37:56,838 [Worker-31] INFO  o.e.m.c.i.embedder.EclipseLogger - Copying 1 resource
2017-04-19 17:37:56,840 [Worker-31] INFO  o.e.m.c.i.embedder.EclipseLogger - Using 'UTF-8' encoding to copy filtered resources.
2017-04-19 17:37:56,841 [Worker-31] INFO  o.e.m.c.i.embedder.EclipseLogger - skip non existing resourceDirectory /home/sergio/Documents/Desarrollo_Web/Ejercicio_11/Ejercicio_11/src/test/resources
2017-04-19 17:38:03,885 [Worker-31] INFO  o.e.m.c.i.embedder.EclipseLogger - Using 'UTF-8' encoding to copy filtered resources.
2017-04-19 17:38:03,886 [Worker-31] INFO  o.e.m.c.i.embedder.EclipseLogger - Copying 0 resource
2017-04-19 17:38:03,887 [Worker-31] INFO  o.e.m.c.i.embedder.EclipseLogger - Copying 1 resource
2017-04-19 17:38:03,890 [Worker-31] INFO  o.e.m.c.i.embedder.EclipseLogger - Using 'UTF-8' encoding to copy filtered resources.
2017-04-19 17:38:03,891 [Worker-31] INFO  o.e.m.c.i.embedder.EclipseLogger - skip non existing resourceDirectory /home/sergio/Documents/Desarrollo_Web/Ejercicio_11/Ejercicio_11/src/test/resources
2017-04-19 17:40:28,226 [Worker-32] INFO  o.e.m.c.i.embedder.EclipseLogger - Using 'UTF-8' encoding to copy filtered resources.
2017-04-19 17:40:28,227 [Worker-32] INFO  o.e.m.c.i.embedder.EclipseLogger - Copying 0 resource
2017-04-19 17:40:28,227 [Worker-32] INFO  o.e.m.c.i.embedder.EclipseLogger - Copying 1 resource
2017-04-19 17:40:28,229 [Worker-32] INFO  o.e.m.c.i.embedder.EclipseLogger - Using 'UTF-8' encoding to copy filtered resources.
2017-04-19 17:40:28,230 [Worker-32] INFO  o.e.m.c.i.embedder.EclipseLogger - skip non existing resourceDirectory /home/sergio/Documents/Desarrollo_Web/Ejercicio_11/Ejercicio_11/src/test/resources
2017-04-19 17:42:17,159 [Worker-35] INFO  o.e.m.c.i.embedder.EclipseLogger - Using 'UTF-8' encoding to copy filtered resources.
2017-04-19 17:42:17,161 [Worker-35] INFO  o.e.m.c.i.embedder.EclipseLogger - Copying 1 resource
2017-04-19 17:42:17,163 [Worker-35] INFO  o.e.m.c.i.embedder.EclipseLogger - Copying 5 resources
2017-04-19 17:42:17,165 [Worker-35] INFO  o.e.m.c.i.embedder.EclipseLogger - Using 'UTF-8' encoding to copy filtered resources.
2017-04-19 17:42:17,165 [Worker-35] INFO  o.e.m.c.i.embedder.EclipseLogger - skip non existing resourceDirectory /home/sergio/Documents/Desarrollo_Web/Ejercicio_11/Ejercicio_11/src/test/resources
2017-04-19 17:43:46,677 [Worker-35] INFO  o.e.m.c.i.embedder.EclipseLogger - Using 'UTF-8' encoding to copy filtered resources.
2017-04-19 17:43:46,678 [Worker-35] INFO  o.e.m.c.i.embedder.EclipseLogger - Copying 1 resource
2017-04-19 17:43:46,682 [Worker-35] INFO  o.e.m.c.i.embedder.EclipseLogger - Copying 5 resources
2017-04-19 17:43:46,685 [Worker-35] INFO  o.e.m.c.i.embedder.EclipseLogger - Using 'UTF-8' encoding to copy filtered resources.
2017-04-19 17:43:46,685 [Worker-35] INFO  o.e.m.c.i.embedder.EclipseLogger - skip non existing resourceDirectory /home/sergio/Documents/Desarrollo_Web/Ejercicio_11/Ejercicio_11/src/test/resources
2017-04-19 17:48:41,223 [Worker-31] INFO  o.e.m.c.i.embedder.EclipseLogger - Using 'UTF-8' encoding to copy filtered resources.
2017-04-19 17:48:41,223 [Worker-31] INFO  o.e.m.c.i.embedder.EclipseLogger - Copying 1 resource
2017-04-19 17:48:41,273 [Worker-31] INFO  o.e.m.c.i.embedder.EclipseLogger - Copying 5 resources
2017-04-19 17:48:41,276 [Worker-31] INFO  o.e.m.c.i.embedder.EclipseLogger - Using 'UTF-8' encoding to copy filtered resources.
2017-04-19 17:48:41,276 [Worker-31] INFO  o.e.m.c.i.embedder.EclipseLogger - skip non existing resourceDirectory /home/sergio/Documents/Desarrollo_Web/Ejercicio_11/Ejercicio_11/src/test/resources
2017-04-19 17:48:56,427 [Worker-39] INFO  o.e.m.c.i.embedder.EclipseLogger - Using 'UTF-8' encoding to copy filtered resources.
2017-04-19 17:48:56,428 [Worker-39] INFO  o.e.m.c.i.embedder.EclipseLogger - Copying 1 resource
2017-04-19 17:48:56,429 [Worker-39] INFO  o.e.m.c.i.embedder.EclipseLogger - Copying 5 resources
2017-04-19 17:48:56,434 [Worker-39] INFO  o.e.m.c.i.embedder.EclipseLogger - Using 'UTF-8' encoding to copy filtered resources.
2017-04-19 17:48:56,434 [Worker-39] INFO  o.e.m.c.i.embedder.EclipseLogger - skip non existing resourceDirectory /home/sergio/Documents/Desarrollo_Web/Ejercicio_11/Ejercicio_11/src/test/resources
2017-04-19 17:50:06,743 [Worker-38] INFO  o.e.m.c.i.embedder.EclipseLogger - Using 'UTF-8' encoding to copy filtered resources.
2017-04-19 17:50:06,744 [Worker-38] INFO  o.e.m.c.i.embedder.EclipseLogger - Copying 1 resource
2017-04-19 17:50:06,753 [Worker-38] INFO  o.e.m.c.i.embedder.EclipseLogger - Copying 5 resources
2017-04-19 17:50:06,758 [Worker-38] INFO  o.e.m.c.i.embedder.EclipseLogger - Using 'UTF-8' encoding to copy filtered resources.
2017-04-19 17:50:06,759 [Worker-38] INFO  o.e.m.c.i.embedder.EclipseLogger - skip non existing resourceDirectory /home/sergio/Documents/Desarrollo_Web/Ejercicio_11/Ejercicio_11/src/test/resources
2017-04-19 17:55:05,294 [Worker-38] INFO  o.e.m.c.i.embedder.EclipseLogger - Using 'UTF-8' encoding to copy filtered resources.
2017-04-19 17:55:05,295 [Worker-38] INFO  o.e.m.c.i.embedder.EclipseLogger - Copying 1 resource
2017-04-19 17:55:05,296 [Worker-38] INFO  o.e.m.c.i.embedder.EclipseLogger - Copying 5 resources
2017-04-19 17:55:05,300 [Worker-38] INFO  o.e.m.c.i.embedder.EclipseLogger - Using 'UTF-8' encoding to copy filtered resources.
2017-04-19 17:55:05,300 [Worker-38] INFO  o.e.m.c.i.embedder.EclipseLogger - skip non existing resourceDirectory /home/sergio/Documents/Desarrollo_Web/Ejercicio_11/Ejercicio_11/src/test/resources
2017-04-19 17:55:53,502 [Worker-41] INFO  o.e.m.c.i.embedder.EclipseLogger - Using 'UTF-8' encoding to copy filtered resources.
2017-04-19 17:55:53,502 [Worker-41] INFO  o.e.m.c.i.embedder.EclipseLogger - Copying 1 resource
2017-04-19 17:55:53,503 [Worker-41] INFO  o.e.m.c.i.embedder.EclipseLogger - Copying 5 resources
2017-04-19 17:55:53,505 [Worker-41] INFO  o.e.m.c.i.embedder.EclipseLogger - Using 'UTF-8' encoding to copy filtered resources.
2017-04-19 17:55:53,505 [Worker-41] INFO  o.e.m.c.i.embedder.EclipseLogger - skip non existing resourceDirectory /home/sergio/Documents/Desarrollo_Web/Ejercicio_11/Ejercicio_11/src/test/resources
2017-04-19 18:00:00,421 [Worker-41] INFO  o.e.m.c.i.embedder.EclipseLogger - Using 'UTF-8' encoding to copy filtered resources.
2017-04-19 18:00:00,422 [Worker-41] INFO  o.e.m.c.i.embedder.EclipseLogger - Copying 0 resource
2017-04-19 18:00:00,422 [Worker-41] INFO  o.e.m.c.i.embedder.EclipseLogger - Copying 1 resource
2017-04-19 18:00:00,424 [Worker-41] INFO  o.e.m.c.i.embedder.EclipseLogger - Using 'UTF-8' encoding to copy filtered resources.
2017-04-19 18:00:00,424 [Worker-41] INFO  o.e.m.c.i.embedder.EclipseLogger - skip non existing resourceDirectory /home/sergio/Documents/Desarrollo_Web/Ejercicio_11/Ejercicio_11/src/test/resources
2017-04-19 18:00:38,547 [Worker-44] INFO  o.e.m.c.i.embedder.EclipseLogger - Using 'UTF-8' encoding to copy filtered resources.
2017-04-19 18:00:38,547 [Worker-44] INFO  o.e.m.c.i.embedder.EclipseLogger - Copying 0 resource
2017-04-19 18:00:38,547 [Worker-44] INFO  o.e.m.c.i.embedder.EclipseLogger - Copying 1 resource
2017-04-19 18:00:38,549 [Worker-44] INFO  o.e.m.c.i.embedder.EclipseLogger - Using 'UTF-8' encoding to copy filtered resources.
2017-04-19 18:00:38,549 [Worker-44] INFO  o.e.m.c.i.embedder.EclipseLogger - skip non existing resourceDirectory /home/sergio/Documents/Desarrollo_Web/Ejercicio_11/Ejercicio_11/src/test/resources
2017-04-19 18:01:04,799 [Worker-45] INFO  o.e.m.c.i.embedder.EclipseLogger - Using 'UTF-8' encoding to copy filtered resources.
2017-04-19 18:01:04,800 [Worker-45] INFO  o.e.m.c.i.embedder.EclipseLogger - Copying 0 resource
2017-04-19 18:01:04,800 [Worker-45] INFO  o.e.m.c.i.embedder.EclipseLogger - Copying 1 resource
2017-04-19 18:01:04,802 [Worker-45] INFO  o.e.m.c.i.embedder.EclipseLogger - Using 'UTF-8' encoding to copy filtered resources.
2017-04-19 18:01:04,803 [Worker-45] INFO  o.e.m.c.i.embedder.EclipseLogger - skip non existing resourceDirectory /home/sergio/Documents/Desarrollo_Web/Ejercicio_11/Ejercicio_11/src/test/resources
2017-04-19 18:01:16,134 [Worker-43] INFO  o.e.m.c.i.embedder.EclipseLogger - Using 'UTF-8' encoding to copy filtered resources.
2017-04-19 18:01:16,135 [Worker-43] INFO  o.e.m.c.i.embedder.EclipseLogger - Copying 0 resource
2017-04-19 18:01:16,137 [Worker-43] INFO  o.e.m.c.i.embedder.EclipseLogger - Copying 1 resource
2017-04-19 18:01:16,140 [Worker-43] INFO  o.e.m.c.i.embedder.EclipseLogger - Using 'UTF-8' encoding to copy filtered resources.
2017-04-19 18:01:16,140 [Worker-43] INFO  o.e.m.c.i.embedder.EclipseLogger - skip non existing resourceDirectory /home/sergio/Documents/Desarrollo_Web/Ejercicio_11/Ejercicio_11/src/test/resources
2017-04-19 18:07:06,691 [Worker-48] INFO  o.e.m.c.i.embedder.EclipseLogger - Using 'UTF-8' encoding to copy filtered resources.
2017-04-19 18:07:06,691 [Worker-48] INFO  o.e.m.c.i.embedder.EclipseLogger - Copying 1 resource
2017-04-19 18:07:06,692 [Worker-48] INFO  o.e.m.c.i.embedder.EclipseLogger - Copying 5 resources
2017-04-19 18:07:06,694 [Worker-48] INFO  o.e.m.c.i.embedder.EclipseLogger - Using 'UTF-8' encoding to copy filtered resources.
2017-04-19 18:07:06,694 [Worker-48] INFO  o.e.m.c.i.embedder.EclipseLogger - skip non existing resourceDirectory /home/sergio/Documents/Desarrollo_Web/Ejercicio_11/Ejercicio_11/src/test/resources
2017-04-19 18:09:45,657 [Worker-46] INFO  o.e.m.c.i.embedder.EclipseLogger - Using 'UTF-8' encoding to copy filtered resources.
2017-04-19 18:09:45,658 [Worker-46] INFO  o.e.m.c.i.embedder.EclipseLogger - Copying 1 resource
2017-04-19 18:09:45,659 [Worker-46] INFO  o.e.m.c.i.embedder.EclipseLogger - Copying 5 resources
2017-04-19 18:09:45,663 [Worker-46] INFO  o.e.m.c.i.embedder.EclipseLogger - Using 'UTF-8' encoding to copy filtered resources.
2017-04-19 18:09:45,663 [Worker-46] INFO  o.e.m.c.i.embedder.EclipseLogger - skip non existing resourceDirectory /home/sergio/Documents/Desarrollo_Web/Ejercicio_11/Ejercicio_11/src/test/resources
2017-04-19 18:11:05,571 [Worker-46] INFO  o.e.m.c.i.embedder.EclipseLogger - Using 'UTF-8' encoding to copy filtered resources.
2017-04-19 18:11:05,572 [Worker-46] INFO  o.e.m.c.i.embedder.EclipseLogger - Copying 1 resource
2017-04-19 18:11:05,573 [Worker-46] INFO  o.e.m.c.i.embedder.EclipseLogger - Copying 5 resources
2017-04-19 18:11:05,575 [Worker-46] INFO  o.e.m.c.i.embedder.EclipseLogger - Using 'UTF-8' encoding to copy filtered resources.
2017-04-19 18:11:05,576 [Worker-46] INFO  o.e.m.c.i.embedder.EclipseLogger - skip non existing resourceDirectory /home/sergio/Documents/Desarrollo_Web/Ejercicio_11/Ejercicio_11/src/test/resources
2017-04-19 18:11:32,942 [Worker-52] INFO  o.e.m.c.i.embedder.EclipseLogger - Using 'UTF-8' encoding to copy filtered resources.
2017-04-19 18:11:32,943 [Worker-52] INFO  o.e.m.c.i.embedder.EclipseLogger - Copying 1 resource
2017-04-19 18:11:32,943 [Worker-52] INFO  o.e.m.c.i.embedder.EclipseLogger - Copying 5 resources
2017-04-19 18:11:32,945 [Worker-52] INFO  o.e.m.c.i.embedder.EclipseLogger - Using 'UTF-8' encoding to copy filtered resources.
2017-04-19 18:11:32,946 [Worker-52] INFO  o.e.m.c.i.embedder.EclipseLogger - skip non existing resourceDirectory /home/sergio/Documents/Desarrollo_Web/Ejercicio_11/Ejercicio_11/src/test/resources
2017-04-19 18:11:38,162 [Worker-52] INFO  o.e.m.c.i.embedder.EclipseLogger - Using 'UTF-8' encoding to copy filtered resources.
2017-04-19 18:11:38,163 [Worker-52] INFO  o.e.m.c.i.embedder.EclipseLogger - Copying 1 resource
2017-04-19 18:11:38,164 [Worker-52] INFO  o.e.m.c.i.embedder.EclipseLogger - Copying 5 resources
2017-04-19 18:11:38,168 [Worker-52] INFO  o.e.m.c.i.embedder.EclipseLogger - Using 'UTF-8' encoding to copy filtered resources.
2017-04-19 18:11:38,169 [Worker-52] INFO  o.e.m.c.i.embedder.EclipseLogger - skip non existing resourceDirectory /home/sergio/Documents/Desarrollo_Web/Ejercicio_11/Ejercicio_11/src/test/resources
2017-04-19 18:13:01,182 [Worker-53] INFO  o.e.m.c.i.embedder.EclipseLogger - Using 'UTF-8' encoding to copy filtered resources.
2017-04-19 18:13:01,183 [Worker-53] INFO  o.e.m.c.i.embedder.EclipseLogger - Copying 1 resource
2017-04-19 18:13:01,184 [Worker-53] INFO  o.e.m.c.i.embedder.EclipseLogger - Copying 5 resources
2017-04-19 18:13:01,191 [Worker-53] INFO  o.e.m.c.i.embedder.EclipseLogger - Using 'UTF-8' encoding to copy filtered resources.
2017-04-19 18:13:01,191 [Worker-53] INFO  o.e.m.c.i.embedder.EclipseLogger - skip non existing resourceDirectory /home/sergio/Documents/Desarrollo_Web/Ejercicio_11/Ejercicio_11/src/test/resources
2017-04-19 18:16:08,604 [Worker-46] INFO  o.e.m.c.i.embedder.EclipseLogger - Using 'UTF-8' encoding to copy filtered resources.
2017-04-19 18:16:08,604 [Worker-46] INFO  o.e.m.c.i.embedder.EclipseLogger - Copying 1 resource
2017-04-19 18:16:08,608 [Worker-46] INFO  o.e.m.c.i.embedder.EclipseLogger - Copying 5 resources
2017-04-19 18:16:08,613 [Worker-46] INFO  o.e.m.c.i.embedder.EclipseLogger - Using 'UTF-8' encoding to copy filtered resources.
2017-04-19 18:16:08,614 [Worker-46] INFO  o.e.m.c.i.embedder.EclipseLogger - skip non existing resourceDirectory /home/sergio/Documents/Desarrollo_Web/Ejercicio_11/Ejercicio_11/src/test/resources
2017-04-19 18:17:34,615 [Worker-56] INFO  o.e.m.c.i.embedder.EclipseLogger - Using 'UTF-8' encoding to copy filtered resources.
2017-04-19 18:17:34,615 [Worker-56] INFO  o.e.m.c.i.embedder.EclipseLogger - Copying 1 resource
2017-04-19 18:17:34,616 [Worker-56] INFO  o.e.m.c.i.embedder.EclipseLogger - Copying 5 resources
2017-04-19 18:17:34,618 [Worker-56] INFO  o.e.m.c.i.embedder.EclipseLogger - Using 'UTF-8' encoding to copy filtered resources.
2017-04-19 18:17:34,618 [Worker-56] INFO  o.e.m.c.i.embedder.EclipseLogger - skip non existing resourceDirectory /home/sergio/Documents/Desarrollo_Web/Ejercicio_11/Ejercicio_11/src/test/resources
