2017-04-19 18:52:48,359 [Worker-8] INFO  o.e.m.c.i.l.LifecycleMappingFactory - Using org.eclipse.m2e.jdt.JarLifecycleMapping lifecycle mapping for MavenProject: com.u-tad-web:Ejercicio_10:0.0.1-SNAPSHOT @ /home/sergio/Documents/Desarrollo_Web/Ejercicio_12/Ejercicio_12/pom.xml.
2017-04-19 18:52:51,643 [Worker-8] INFO  o.e.m.j.i.AbstractJavaProjectConfigurator - Adding source folder /Ejercicio_12/src/main/java
2017-04-19 18:52:51,644 [Worker-8] INFO  o.e.m.j.i.AbstractJavaProjectConfigurator - Adding resource folder /Ejercicio_12/src/main/resources
2017-04-19 18:52:51,651 [Worker-8] INFO  o.e.m.j.i.AbstractJavaProjectConfigurator - Adding resource folder /Ejercicio_12/src/main/resources
2017-04-19 18:52:51,652 [Worker-8] INFO  o.e.m.j.i.AbstractJavaProjectConfigurator - Adding source folder /Ejercicio_12/src/test/java
2017-04-19 18:52:51,946 [Worker-8] INFO  o.e.m.c.i.p.ProjectConfigurationManager - Imported and configured 1 project(s) in 8 sec
2017-04-19 18:52:55,454 [Worker-14] INFO  o.e.m.c.i.embedder.EclipseLogger - Using 'UTF-8' encoding to copy filtered resources.
2017-04-19 18:52:55,469 [Worker-14] INFO  o.e.m.c.i.embedder.EclipseLogger - Copying 1 resource
2017-04-19 18:52:55,501 [Worker-14] INFO  o.e.m.c.i.embedder.EclipseLogger - Copying 5 resources
2017-04-19 18:52:55,517 [Worker-14] INFO  o.e.m.c.i.embedder.EclipseLogger - Using 'UTF-8' encoding to copy filtered resources.
2017-04-19 18:52:55,517 [Worker-14] INFO  o.e.m.c.i.embedder.EclipseLogger - skip non existing resourceDirectory /home/sergio/Documents/Desarrollo_Web/Ejercicio_12/Ejercicio_12/src/test/resources
2017-04-19 19:07:39,645 [Worker-20] INFO  o.e.m.c.i.l.LifecycleMappingFactory - Using org.eclipse.m2e.jdt.JarLifecycleMapping lifecycle mapping for MavenProject: com.u-tad-web:Ejercicio_10:0.0.1-SNAPSHOT @ /home/sergio/Documents/Desarrollo_Web/Ejercicio_12/Ejercicio_12/pom.xml.
2017-04-19 19:07:40,403 [Worker-20] INFO  o.e.m.c.i.e.AbstractTransferListenerAdapter - Downloading https://repo.maven.apache.org/maven2/com/squareup/retrofit/retrofit/1.9.0/retrofit-1.9.0.pom
2017-04-19 19:07:40,416 [Worker-20] INFO  o.e.m.c.i.e.AbstractTransferListenerAdapter - Downloaded https://repo.maven.apache.org/maven2/com/squareup/retrofit/retrofit/1.9.0/retrofit-1.9.0.pom
2017-04-19 19:07:40,425 [Worker-20] INFO  o.e.m.c.i.e.AbstractTransferListenerAdapter - Downloading https://repo.maven.apache.org/maven2/com/squareup/retrofit/parent/1.9.0/parent-1.9.0.pom
2017-04-19 19:07:40,531 [Worker-20] INFO  o.e.m.c.i.e.AbstractTransferListenerAdapter - Downloaded https://repo.maven.apache.org/maven2/com/squareup/retrofit/parent/1.9.0/parent-1.9.0.pom
2017-04-19 19:07:40,542 [Worker-20] INFO  o.e.m.c.i.e.AbstractTransferListenerAdapter - Downloading https://repo.maven.apache.org/maven2/com/google/code/gson/gson/2.8.0/gson-2.8.0.pom
2017-04-19 19:07:40,552 [Worker-20] INFO  o.e.m.c.i.e.AbstractTransferListenerAdapter - Downloaded https://repo.maven.apache.org/maven2/com/google/code/gson/gson/2.8.0/gson-2.8.0.pom
2017-04-19 19:07:40,564 [Worker-20] INFO  o.e.m.c.i.e.AbstractTransferListenerAdapter - Downloading https://repo.maven.apache.org/maven2/com/google/code/gson/gson-parent/2.8.0/gson-parent-2.8.0.pom
2017-04-19 19:07:40,583 [Worker-20] INFO  o.e.m.c.i.e.AbstractTransferListenerAdapter - Downloaded https://repo.maven.apache.org/maven2/com/google/code/gson/gson-parent/2.8.0/gson-parent-2.8.0.pom
2017-04-19 19:07:40,620 [Worker-20] INFO  o.e.m.c.i.e.AbstractTransferListenerAdapter - Downloading https://repo.maven.apache.org/maven2/com/squareup/retrofit/retrofit/1.9.0/retrofit-1.9.0.jar
2017-04-19 19:07:40,808 [Worker-20] INFO  o.e.m.c.i.e.AbstractTransferListenerAdapter - Downloaded https://repo.maven.apache.org/maven2/com/squareup/retrofit/retrofit/1.9.0/retrofit-1.9.0.jar
2017-04-19 19:07:40,818 [Worker-20] INFO  o.e.m.c.i.e.AbstractTransferListenerAdapter - Downloading https://repo.maven.apache.org/maven2/com/google/code/gson/gson/2.8.0/gson-2.8.0.jar
2017-04-19 19:07:40,862 [Worker-20] INFO  o.e.m.c.i.e.AbstractTransferListenerAdapter - Downloaded https://repo.maven.apache.org/maven2/com/google/code/gson/gson/2.8.0/gson-2.8.0.jar
2017-04-19 19:07:41,161 [Worker-20] INFO  o.e.m.c.i.embedder.EclipseLogger - Using 'UTF-8' encoding to copy filtered resources.
2017-04-19 19:07:41,163 [Worker-20] INFO  o.e.m.c.i.embedder.EclipseLogger - Copying 0 resource
2017-04-19 19:07:41,164 [Worker-20] INFO  o.e.m.c.i.embedder.EclipseLogger - Copying 0 resource
2017-04-19 19:07:41,169 [Worker-20] INFO  o.e.m.c.i.embedder.EclipseLogger - Using 'UTF-8' encoding to copy filtered resources.
2017-04-19 19:07:41,169 [Worker-20] INFO  o.e.m.c.i.embedder.EclipseLogger - skip non existing resourceDirectory /home/sergio/Documents/Desarrollo_Web/Ejercicio_12/Ejercicio_12/src/test/resources
2017-04-19 19:07:43,601 [Worker-19] INFO  o.e.m.c.i.embedder.EclipseLogger - Using 'UTF-8' encoding to copy filtered resources.
2017-04-19 19:07:43,604 [Worker-19] INFO  o.e.m.c.i.embedder.EclipseLogger - Copying 1 resource
2017-04-19 19:07:43,628 [Worker-19] INFO  o.e.m.c.i.embedder.EclipseLogger - Copying 5 resources
2017-04-19 19:07:43,638 [Worker-19] INFO  o.e.m.c.i.embedder.EclipseLogger - Using 'UTF-8' encoding to copy filtered resources.
2017-04-19 19:07:43,639 [Worker-19] INFO  o.e.m.c.i.embedder.EclipseLogger - skip non existing resourceDirectory /home/sergio/Documents/Desarrollo_Web/Ejercicio_12/Ejercicio_12/src/test/resources
2017-04-19 19:07:52,517 [Worker-8] INFO  o.e.m.c.i.l.LifecycleMappingFactory - Using org.eclipse.m2e.jdt.JarLifecycleMapping lifecycle mapping for MavenProject: com.u-tad-web:Ejercicio_10:0.0.1-SNAPSHOT @ /home/sergio/Documents/Desarrollo_Web/Ejercicio_12/Ejercicio_12/pom.xml.
2017-04-19 19:07:53,146 [Worker-8] INFO  o.e.m.c.i.embedder.EclipseLogger - Using 'UTF-8' encoding to copy filtered resources.
2017-04-19 19:07:53,149 [Worker-8] INFO  o.e.m.c.i.embedder.EclipseLogger - Copying 0 resource
2017-04-19 19:07:53,161 [Worker-8] INFO  o.e.m.c.i.embedder.EclipseLogger - Copying 0 resource
2017-04-19 19:07:53,173 [Worker-8] INFO  o.e.m.c.i.embedder.EclipseLogger - Using 'UTF-8' encoding to copy filtered resources.
2017-04-19 19:07:53,174 [Worker-8] INFO  o.e.m.c.i.embedder.EclipseLogger - skip non existing resourceDirectory /home/sergio/Documents/Desarrollo_Web/Ejercicio_12/Ejercicio_12/src/test/resources
2017-04-19 19:48:41,459 [Worker-29] INFO  o.e.m.c.i.embedder.EclipseLogger - Using 'UTF-8' encoding to copy filtered resources.
2017-04-19 19:48:41,461 [Worker-29] INFO  o.e.m.c.i.embedder.EclipseLogger - Copying 1 resource
2017-04-19 19:48:41,494 [Worker-29] INFO  o.e.m.c.i.embedder.EclipseLogger - Copying 5 resources
2017-04-19 19:48:41,500 [Worker-29] INFO  o.e.m.c.i.embedder.EclipseLogger - Using 'UTF-8' encoding to copy filtered resources.
2017-04-19 19:48:41,500 [Worker-29] INFO  o.e.m.c.i.embedder.EclipseLogger - skip non existing resourceDirectory /home/sergio/Documents/Desarrollo_Web/Ejercicio_12/Ejercicio_12/src/test/resources
2017-04-19 19:48:52,190 [Worker-34] INFO  o.e.m.c.i.embedder.EclipseLogger - Using 'UTF-8' encoding to copy filtered resources.
2017-04-19 19:48:52,192 [Worker-34] INFO  o.e.m.c.i.embedder.EclipseLogger - Copying 1 resource
2017-04-19 19:48:52,194 [Worker-34] INFO  o.e.m.c.i.embedder.EclipseLogger - Copying 5 resources
2017-04-19 19:48:52,195 [Worker-34] INFO  o.e.m.c.i.embedder.EclipseLogger - Using 'UTF-8' encoding to copy filtered resources.
2017-04-19 19:48:52,196 [Worker-34] INFO  o.e.m.c.i.embedder.EclipseLogger - skip non existing resourceDirectory /home/sergio/Documents/Desarrollo_Web/Ejercicio_12/Ejercicio_12/src/test/resources
2017-04-19 20:01:08,803 [Worker-37] INFO  o.e.m.c.i.embedder.EclipseLogger - Using 'UTF-8' encoding to copy filtered resources.
2017-04-19 20:01:08,804 [Worker-37] INFO  o.e.m.c.i.embedder.EclipseLogger - Copying 1 resource
2017-04-19 20:01:08,805 [Worker-37] INFO  o.e.m.c.i.embedder.EclipseLogger - Copying 5 resources
2017-04-19 20:01:08,810 [Worker-37] INFO  o.e.m.c.i.embedder.EclipseLogger - Using 'UTF-8' encoding to copy filtered resources.
2017-04-19 20:01:08,810 [Worker-37] INFO  o.e.m.c.i.embedder.EclipseLogger - skip non existing resourceDirectory /home/sergio/Documents/Desarrollo_Web/Ejercicio_12/Ejercicio_12/src/test/resources
2017-04-19 20:01:48,860 [Worker-40] INFO  o.e.m.c.i.embedder.EclipseLogger - Using 'UTF-8' encoding to copy filtered resources.
2017-04-19 20:01:48,861 [Worker-40] INFO  o.e.m.c.i.embedder.EclipseLogger - Copying 1 resource
2017-04-19 20:01:48,862 [Worker-40] INFO  o.e.m.c.i.embedder.EclipseLogger - Copying 5 resources
2017-04-19 20:01:48,865 [Worker-40] INFO  o.e.m.c.i.embedder.EclipseLogger - Using 'UTF-8' encoding to copy filtered resources.
2017-04-19 20:01:48,865 [Worker-40] INFO  o.e.m.c.i.embedder.EclipseLogger - skip non existing resourceDirectory /home/sergio/Documents/Desarrollo_Web/Ejercicio_12/Ejercicio_12/src/test/resources
2017-04-19 20:02:00,479 [Worker-40] INFO  o.e.m.c.i.embedder.EclipseLogger - Using 'UTF-8' encoding to copy filtered resources.
2017-04-19 20:02:00,479 [Worker-40] INFO  o.e.m.c.i.embedder.EclipseLogger - Copying 1 resource
2017-04-19 20:02:00,481 [Worker-40] INFO  o.e.m.c.i.embedder.EclipseLogger - Copying 5 resources
2017-04-19 20:02:00,484 [Worker-40] INFO  o.e.m.c.i.embedder.EclipseLogger - Using 'UTF-8' encoding to copy filtered resources.
2017-04-19 20:02:00,484 [Worker-40] INFO  o.e.m.c.i.embedder.EclipseLogger - skip non existing resourceDirectory /home/sergio/Documents/Desarrollo_Web/Ejercicio_12/Ejercicio_12/src/test/resources
2017-04-19 20:02:30,179 [Worker-41] INFO  o.e.m.c.i.embedder.EclipseLogger - Using 'UTF-8' encoding to copy filtered resources.
2017-04-19 20:02:30,180 [Worker-41] INFO  o.e.m.c.i.embedder.EclipseLogger - Copying 1 resource
2017-04-19 20:02:30,192 [Worker-41] INFO  o.e.m.c.i.embedder.EclipseLogger - Copying 5 resources
2017-04-19 20:02:30,199 [Worker-41] INFO  o.e.m.c.i.embedder.EclipseLogger - Using 'UTF-8' encoding to copy filtered resources.
2017-04-19 20:02:30,199 [Worker-41] INFO  o.e.m.c.i.embedder.EclipseLogger - skip non existing resourceDirectory /home/sergio/Documents/Desarrollo_Web/Ejercicio_12/Ejercicio_12/src/test/resources
2017-04-19 20:03:18,586 [Worker-42] INFO  o.e.m.c.i.embedder.EclipseLogger - Using 'UTF-8' encoding to copy filtered resources.
2017-04-19 20:03:18,590 [Worker-42] INFO  o.e.m.c.i.embedder.EclipseLogger - Copying 1 resource
2017-04-19 20:03:18,592 [Worker-42] INFO  o.e.m.c.i.embedder.EclipseLogger - Copying 5 resources
2017-04-19 20:03:18,597 [Worker-42] INFO  o.e.m.c.i.embedder.EclipseLogger - Using 'UTF-8' encoding to copy filtered resources.
2017-04-19 20:03:18,597 [Worker-42] INFO  o.e.m.c.i.embedder.EclipseLogger - skip non existing resourceDirectory /home/sergio/Documents/Desarrollo_Web/Ejercicio_12/Ejercicio_12/src/test/resources
2017-04-19 20:03:28,563 [Worker-43] INFO  o.e.m.c.i.embedder.EclipseLogger - Using 'UTF-8' encoding to copy filtered resources.
2017-04-19 20:03:28,563 [Worker-43] INFO  o.e.m.c.i.embedder.EclipseLogger - Copying 1 resource
2017-04-19 20:03:28,564 [Worker-43] INFO  o.e.m.c.i.embedder.EclipseLogger - Copying 5 resources
2017-04-19 20:03:28,569 [Worker-43] INFO  o.e.m.c.i.embedder.EclipseLogger - Using 'UTF-8' encoding to copy filtered resources.
2017-04-19 20:03:28,569 [Worker-43] INFO  o.e.m.c.i.embedder.EclipseLogger - skip non existing resourceDirectory /home/sergio/Documents/Desarrollo_Web/Ejercicio_12/Ejercicio_12/src/test/resources
2017-04-19 20:03:34,513 [Worker-43] INFO  o.e.m.c.i.embedder.EclipseLogger - Using 'UTF-8' encoding to copy filtered resources.
2017-04-19 20:03:34,514 [Worker-43] INFO  o.e.m.c.i.embedder.EclipseLogger - Copying 1 resource
2017-04-19 20:03:34,515 [Worker-43] INFO  o.e.m.c.i.embedder.EclipseLogger - Copying 5 resources
2017-04-19 20:03:34,517 [Worker-43] INFO  o.e.m.c.i.embedder.EclipseLogger - Using 'UTF-8' encoding to copy filtered resources.
2017-04-19 20:03:34,517 [Worker-43] INFO  o.e.m.c.i.embedder.EclipseLogger - skip non existing resourceDirectory /home/sergio/Documents/Desarrollo_Web/Ejercicio_12/Ejercicio_12/src/test/resources
2017-04-19 20:06:38,256 [Worker-43] INFO  o.e.m.c.i.embedder.EclipseLogger - Using 'UTF-8' encoding to copy filtered resources.
2017-04-19 20:06:38,256 [Worker-43] INFO  o.e.m.c.i.embedder.EclipseLogger - Copying 1 resource
2017-04-19 20:06:38,257 [Worker-43] INFO  o.e.m.c.i.embedder.EclipseLogger - Copying 5 resources
2017-04-19 20:06:38,261 [Worker-43] INFO  o.e.m.c.i.embedder.EclipseLogger - Using 'UTF-8' encoding to copy filtered resources.
2017-04-19 20:06:38,261 [Worker-43] INFO  o.e.m.c.i.embedder.EclipseLogger - skip non existing resourceDirectory /home/sergio/Documents/Desarrollo_Web/Ejercicio_12/Ejercicio_12/src/test/resources
2017-04-19 20:06:45,983 [Worker-44] INFO  o.e.m.c.i.embedder.EclipseLogger - Using 'UTF-8' encoding to copy filtered resources.
2017-04-19 20:06:45,984 [Worker-44] INFO  o.e.m.c.i.embedder.EclipseLogger - Copying 1 resource
2017-04-19 20:06:45,985 [Worker-44] INFO  o.e.m.c.i.embedder.EclipseLogger - Copying 5 resources
2017-04-19 20:06:45,988 [Worker-44] INFO  o.e.m.c.i.embedder.EclipseLogger - Using 'UTF-8' encoding to copy filtered resources.
2017-04-19 20:06:45,988 [Worker-44] INFO  o.e.m.c.i.embedder.EclipseLogger - skip non existing resourceDirectory /home/sergio/Documents/Desarrollo_Web/Ejercicio_12/Ejercicio_12/src/test/resources
2017-04-19 20:07:08,516 [Worker-42] INFO  o.e.m.c.i.embedder.EclipseLogger - Using 'UTF-8' encoding to copy filtered resources.
2017-04-19 20:07:08,517 [Worker-42] INFO  o.e.m.c.i.embedder.EclipseLogger - Copying 1 resource
2017-04-19 20:07:08,518 [Worker-42] INFO  o.e.m.c.i.embedder.EclipseLogger - Copying 5 resources
2017-04-19 20:07:08,521 [Worker-42] INFO  o.e.m.c.i.embedder.EclipseLogger - Using 'UTF-8' encoding to copy filtered resources.
2017-04-19 20:07:08,521 [Worker-42] INFO  o.e.m.c.i.embedder.EclipseLogger - skip non existing resourceDirectory /home/sergio/Documents/Desarrollo_Web/Ejercicio_12/Ejercicio_12/src/test/resources
2017-04-19 20:11:29,865 [Worker-42] INFO  o.e.m.c.i.embedder.EclipseLogger - Using 'UTF-8' encoding to copy filtered resources.
2017-04-19 20:11:29,870 [Worker-42] INFO  o.e.m.c.i.embedder.EclipseLogger - Copying 1 resource
2017-04-19 20:11:29,877 [Worker-42] INFO  o.e.m.c.i.embedder.EclipseLogger - Copying 5 resources
2017-04-19 20:11:29,882 [Worker-42] INFO  o.e.m.c.i.embedder.EclipseLogger - Using 'UTF-8' encoding to copy filtered resources.
2017-04-19 20:11:29,882 [Worker-42] INFO  o.e.m.c.i.embedder.EclipseLogger - skip non existing resourceDirectory /home/sergio/Documents/Desarrollo_Web/Ejercicio_12/Ejercicio_12/src/test/resources
2017-04-19 20:11:34,800 [Worker-42] INFO  o.e.m.c.i.embedder.EclipseLogger - Using 'UTF-8' encoding to copy filtered resources.
2017-04-19 20:11:34,801 [Worker-42] INFO  o.e.m.c.i.embedder.EclipseLogger - Copying 1 resource
2017-04-19 20:11:34,802 [Worker-42] INFO  o.e.m.c.i.embedder.EclipseLogger - Copying 5 resources
2017-04-19 20:11:34,805 [Worker-42] INFO  o.e.m.c.i.embedder.EclipseLogger - Using 'UTF-8' encoding to copy filtered resources.
2017-04-19 20:11:34,805 [Worker-42] INFO  o.e.m.c.i.embedder.EclipseLogger - skip non existing resourceDirectory /home/sergio/Documents/Desarrollo_Web/Ejercicio_12/Ejercicio_12/src/test/resources
